{
  "RSpec": {
    "coverage": {
      "/home/amoedo/workspace/2016.2-Observatorio-de-Residuos/observatorio-server/app/helpers/application_helper.rb": [
        1,
        null
      ],
      "/home/amoedo/workspace/2016.2-Observatorio-de-Residuos/observatorio-server/app/helpers/pevs_helper.rb": [
        1,
        null
      ],
      "/home/amoedo/workspace/2016.2-Observatorio-de-Residuos/observatorio-server/app/helpers/sessions_helper.rb": [
        1,
        null
      ],
      "/home/amoedo/workspace/2016.2-Observatorio-de-Residuos/observatorio-server/app/helpers/users_helper.rb": [
        1,
        null
      ],
      "/home/amoedo/workspace/2016.2-Observatorio-de-Residuos/observatorio-server/app/controllers/pevs_controller.rb": [
        1,
        null,
        null,
        1,
        0,
        null,
        null,
        1,
        0,
        0,
        0,
        null,
        0,
        0,
        null,
        null,
        null,
        1,
        1,
        0,
        null,
        null
      ],
      "/home/amoedo/workspace/2016.2-Observatorio-de-Residuos/observatorio-server/app/controllers/application_controller.rb": [
        1,
        null,
        null,
        1,
        null,
        1,
        4,
        4,
        4,
        4,
        null,
        1,
        0,
        null,
        null,
        null
      ],
      "/home/amoedo/workspace/2016.2-Observatorio-de-Residuos/observatorio-server/spec/controllers/users_controller_spec.rb": [
        1,
        null,
        1,
        1,
        1,
        1,
        null,
        null,
        1,
        1,
        1,
        null,
        1,
        null,
        null,
        1,
        1,
        null,
        1,
        null,
        null,
        null,
        1,
        1,
        1,
        null,
        null,
        null,
        null,
        null,
        null,
        null,
        null,
        null,
        null,
        1,
        null,
        null,
        1,
        1,
        null,
        null,
        null,
        null,
        null,
        null,
        null,
        null,
        null,
        null,
        null,
        1,
        1,
        null,
        null,
        null
      ],
      "/home/amoedo/workspace/2016.2-Observatorio-de-Residuos/observatorio-server/app/controllers/users_controller.rb": [
        1,
        null,
        null,
        1,
        2,
        2,
        1,
        null,
        1,
        null,
        null,
        null,
        1,
        2,
        2,
        1,
        null,
        1,
        null,
        null,
        null,
        1,
        1,
        2,
        null,
        null
      ],
      "/home/amoedo/workspace/2016.2-Observatorio-de-Residuos/observatorio-server/spec/helpers/pevs_helper_spec.rb": [
        1,
        null,
        null,
        null,
        null,
        null,
        null,
        null,
        null,
        null,
        null,
        null,
        1,
        null
      ],
      "/home/amoedo/workspace/2016.2-Observatorio-de-Residuos/observatorio-server/spec/models/marking_spec.rb": [
        1,
        null,
        1,
        null
      ],
      "/home/amoedo/workspace/2016.2-Observatorio-de-Residuos/observatorio-server/app/models/marking.rb": [
        1,
        null
      ],
      "/home/amoedo/workspace/2016.2-Observatorio-de-Residuos/observatorio-server/spec/models/pev_spec.rb": [
        1,
        null,
        1,
        null
      ],
      "/home/amoedo/workspace/2016.2-Observatorio-de-Residuos/observatorio-server/app/models/pev.rb": [
        1,
        1,
        null
      ],
      "/home/amoedo/workspace/2016.2-Observatorio-de-Residuos/observatorio-server/spec/models/user_spec.rb": [
        1,
        null,
        1,
        null,
        null
      ],
      "/home/amoedo/workspace/2016.2-Observatorio-de-Residuos/observatorio-server/app/models/user.rb": [
        1,
        null,
        1,
        1,
        1,
        null,
        1,
        1,
        3,
        null,
        null,
        1,
        1,
        1,
        null,
        null
      ]
    },
    "timestamp": 1476484142
  }
}
