{
  "RSpec": {
    "coverage": {
      "/home/vitor/Documentos/7 Semestre/GPP/2016.2-Observatorio-de-Residuos/observatorio-server/spec/controllers/users_controller_spec.rb": [
        1,
        null,
        1,
        null,
        null,
        1,
        1,
        1,
        null,
        null,
        null,
        null,
        null,
        null,
        null,
        null,
        null,
        null,
        1,
        1,
        1,
        1,
        1,
        1,
        1,
        null,
        null,
        1,
        1,
        null,
        null,
        null,
        null,
        null,
        null,
        null,
        null,
        null,
        null,
        1,
        1,
        1,
        null,
        null,
        null
      ],
      "/home/vitor/Documentos/7 Semestre/GPP/2016.2-Observatorio-de-Residuos/observatorio-server/spec/rails_helper.rb": [
        null,
        1,
        1,
        null,
        1,
        1,
        1,
        null,
        null,
        null,
        null,
        null,
        null,
        null,
        null,
        null,
        null,
        null,
        null,
        null,
        null,
        null,
        null,
        null,
        null,
        null,
        1,
        null,
        1,
        null,
        1,
        null,
        null,
        null,
        null,
        1,
        null,
        null,
        null,
        null,
        null,
        null,
        null,
        null,
        null,
        null,
        null,
        null,
        null,
        null,
        1,
        null,
        null,
        1,
        null,
        null,
        null
      ],
      "/home/vitor/Documentos/7 Semestre/GPP/2016.2-Observatorio-de-Residuos/observatorio-server/config/environment.rb": [
        null,
        1,
        null,
        null,
        1
      ],
      "/home/vitor/Documentos/7 Semestre/GPP/2016.2-Observatorio-de-Residuos/observatorio-server/config/application.rb": [
        1,
        null,
        1,
        null,
        null,
        null,
        1,
        null,
        1,
        1,
        null,
        null,
        null,
        null,
        null,
        null,
        null,
        null,
        null,
        null,
        null,
        null,
        null,
        1,
        null,
        1,
        1,
        1,
        1,
        null,
        null,
        null,
        null,
        1,
        null,
        null,
        null,
        null,
        null,
        null,
        null
      ],
      "/home/vitor/Documentos/7 Semestre/GPP/2016.2-Observatorio-de-Residuos/observatorio-server/config/boot.rb": [
        1,
        null,
        1
      ],
      "/home/vitor/Documentos/7 Semestre/GPP/2016.2-Observatorio-de-Residuos/observatorio-server/config/environments/test.rb": [
        1,
        null,
        null,
        null,
        null,
        null,
        null,
        1,
        null,
        null,
        null,
        null,
        1,
        null,
        null,
        1,
        1,
        null,
        null,
        1,
        1,
        null,
        null,
        1,
        null,
        null,
        1,
        null,
        null,
        null,
        null,
        1,
        null,
        null,
        1,
        null,
        null,
        1,
        null,
        null,
        null,
        null
      ],
      "/home/vitor/Documentos/7 Semestre/GPP/2016.2-Observatorio-de-Residuos/observatorio-server/config/initializers/assets.rb": [
        null,
        null,
        null,
        1,
        null,
        null,
        null,
        null,
        null,
        null,
        null
      ],
      "/home/vitor/Documentos/7 Semestre/GPP/2016.2-Observatorio-de-Residuos/observatorio-server/config/initializers/backtrace_silencers.rb": [
        null,
        null,
        null,
        null,
        null,
        null,
        null
      ],
      "/home/vitor/Documentos/7 Semestre/GPP/2016.2-Observatorio-de-Residuos/observatorio-server/config/initializers/cookies_serializer.rb": [
        null,
        null,
        1
      ],
      "/home/vitor/Documentos/7 Semestre/GPP/2016.2-Observatorio-de-Residuos/observatorio-server/config/initializers/filter_parameter_logging.rb": [
        null,
        null,
        null,
        1
      ],
      "/home/vitor/Documentos/7 Semestre/GPP/2016.2-Observatorio-de-Residuos/observatorio-server/config/initializers/inflections.rb": [
        null,
        null,
        null,
        null,
        null,
        null,
        null,
        null,
        null,
        null,
        null,
        null,
        null,
        null,
        null,
        null
      ],
      "/home/vitor/Documentos/7 Semestre/GPP/2016.2-Observatorio-de-Residuos/observatorio-server/config/initializers/mime_types.rb": [
        null,
        null,
        null,
        null
      ],
      "/home/vitor/Documentos/7 Semestre/GPP/2016.2-Observatorio-de-Residuos/observatorio-server/config/initializers/session_store.rb": [
        null,
        null,
        1
      ],
      "/home/vitor/Documentos/7 Semestre/GPP/2016.2-Observatorio-de-Residuos/observatorio-server/config/initializers/validates_timeliness.rb": [
        1,
        null,
        1,
        null,
        null,
        null,
        null,
        null,
        null,
        null,
        null,
        null,
        null,
        null,
        null,
        null,
        null,
        null,
        null,
        null,
        null,
        null,
        null,
        null,
        null,
        null,
        null,
        null,
        null,
        null,
        null,
        null,
        null,
        null,
        null,
        null,
        null,
        null,
        null,
        null
      ],
      "/home/vitor/Documentos/7 Semestre/GPP/2016.2-Observatorio-de-Residuos/observatorio-server/config/initializers/wrap_parameters.rb": [
        null,
        null,
        null,
        null,
        null,
        null,
        1,
        1,
        null,
        null,
        null,
        null,
        null,
        null
      ],
      "/home/vitor/Documentos/7 Semestre/GPP/2016.2-Observatorio-de-Residuos/observatorio-server/config/routes.rb": [
        1,
        1,
        null,
        1,
        null,
        null,
        null,
        null,
        null,
        null,
        null,
        null,
        null,
        null,
        null,
        null,
        null,
        null,
        null,
        null,
        null,
        null,
        null,
        null,
        null,
        null,
        null,
        null,
        null,
        null,
        null,
        null,
        null,
        null,
        null,
        null,
        null,
        null,
        null,
        null,
        null,
        null,
        null,
        null,
        null,
        null,
        null,
        null,
        null,
        null,
        null,
        null,
        null,
        null,
        null,
        null,
        null,
        null,
        null,
        null,
        null
      ],
      "/home/vitor/Documentos/7 Semestre/GPP/2016.2-Observatorio-de-Residuos/observatorio-server/app/helpers/application_helper.rb": [
        1,
        null
      ],
      "/home/vitor/Documentos/7 Semestre/GPP/2016.2-Observatorio-de-Residuos/observatorio-server/app/helpers/users_helper.rb": [
        1,
        null
      ],
      "/home/vitor/Documentos/7 Semestre/GPP/2016.2-Observatorio-de-Residuos/observatorio-server/app/controllers/users_controller.rb": [
        1,
        1,
        null,
        1,
        2,
        2,
        1,
        null,
        1,
        1,
        null,
        null,
        null,
        null,
        1,
        1,
        2,
        null,
        null
      ],
      "/home/vitor/Documentos/7 Semestre/GPP/2016.2-Observatorio-de-Residuos/observatorio-server/app/controllers/application_controller.rb": [
        1,
        null,
        null,
        1,
        1,
        2,
        2,
        2,
        2,
        null,
        1,
        0,
        null,
        null
      ],
      "/home/vitor/Documentos/7 Semestre/GPP/2016.2-Observatorio-de-Residuos/observatorio-server/spec/models/user_spec.rb": [
        1,
        null,
        1,
        null,
        null
      ],
      "/home/vitor/Documentos/7 Semestre/GPP/2016.2-Observatorio-de-Residuos/observatorio-server/app/models/user.rb": [
        1,
        null,
        null,
        1,
        1,
        1,
        null,
        1,
        1,
        2,
        null,
        null,
        1,
        1,
        1,
        null,
        null
      ]
    },
    "timestamp": 1474401912
  }
}
